2025-05-15 14:29:25 0 [Note] Starting MariaDB 10.4.32-MariaDB source revision c4143f909528e3fab0677a28631d10389354c491 as process 20044
2025-05-15 14:29:25 0 [Note] InnoDB: Mutexes and rw_locks use Windows interlocked functions
2025-05-15 14:29:25 0 [Note] InnoDB: Uses event mutexes
2025-05-15 14:29:25 0 [Note] InnoDB: Compressed tables use zlib 1.3
2025-05-15 14:29:25 0 [Note] InnoDB: Number of pools: 1
2025-05-15 14:29:25 0 [Note] InnoDB: Using SSE2 crc32 instructions
2025-05-15 14:29:25 0 [Note] InnoDB: Initializing buffer pool, total size = 16M, instances = 1, chunk size = 16M
2025-05-15 14:29:25 0 [Note] InnoDB: Completed initialization of buffer pool
2025-05-15 14:29:25 0 [Note] InnoDB: Starting crash recovery from checkpoint LSN=300288
2025-05-15 14:29:25 0 [Note] InnoDB: 128 out of 128 rollback segments are active.
2025-05-15 14:29:25 0 [Note] InnoDB: Removed temporary tablespace data file: "ibtmp1"
2025-05-15 14:29:25 0 [Note] InnoDB: Creating shared tablespace for temporary tables
2025-05-15 14:29:25 0 [Note] InnoDB: Setting file 'D:\xampp\mysql\data\ibtmp1' size to 12 MB. Physically writing the file full; Please wait ...
2025-05-15 14:29:25 0 [Note] InnoDB: File 'D:\xampp\mysql\data\ibtmp1' size is now 12 MB.
2025-05-15 14:29:25 0 [Note] InnoDB: Waiting for purge to start
2025-05-15 14:29:25 0 [Note] InnoDB: 10.4.32 started; log sequence number 300297; transaction id 170
2025-05-15 14:29:25 0 [Note] InnoDB: Loading buffer pool(s) from D:\xampp\mysql\data\ib_buffer_pool
2025-05-15 14:29:25 0 [Note] Plugin 'FEEDBACK' is disabled.
2025-05-15 14:29:25 0 [Note] Server socket created on IP: '::'.
2025-05-15 14:29:25 0 [Note] InnoDB: Buffer pool(s) load completed at 250515 14:29:25
2025-05-22 12:41:25 0 [Note] Starting MariaDB 10.4.32-MariaDB source revision c4143f909528e3fab0677a28631d10389354c491 as process 21516
2025-05-22 12:41:25 0 [Note] InnoDB: Mutexes and rw_locks use Windows interlocked functions
2025-05-22 12:41:25 0 [Note] InnoDB: Uses event mutexes
2025-05-22 12:41:25 0 [Note] InnoDB: Compressed tables use zlib 1.3
2025-05-22 12:41:25 0 [Note] InnoDB: Number of pools: 1
2025-05-22 12:41:25 0 [Note] InnoDB: Using SSE2 crc32 instructions
2025-05-22 12:41:25 0 [Note] InnoDB: Initializing buffer pool, total size = 16M, instances = 1, chunk size = 16M
2025-05-22 12:41:25 0 [Note] InnoDB: Completed initialization of buffer pool
2025-05-22 12:41:25 0 [Note] InnoDB: Starting crash recovery from checkpoint LSN=311921
2025-05-22 12:41:26 0 [Note] InnoDB: 128 out of 128 rollback segments are active.
2025-05-22 12:41:26 0 [Note] InnoDB: Removed temporary tablespace data file: "ibtmp1"
2025-05-22 12:41:26 0 [Note] InnoDB: Creating shared tablespace for temporary tables
2025-05-22 12:41:26 0 [Note] InnoDB: Setting file 'D:\xampp\mysql\data\ibtmp1' size to 12 MB. Physically writing the file full; Please wait ...
2025-05-22 12:41:26 0 [Note] InnoDB: File 'D:\xampp\mysql\data\ibtmp1' size is now 12 MB.
2025-05-22 12:41:26 0 [Note] InnoDB: Waiting for purge to start
2025-05-22 12:41:26 0 [Note] InnoDB: 10.4.32 started; log sequence number 311930; transaction id 215
2025-05-22 12:41:26 0 [Note] InnoDB: Loading buffer pool(s) from D:\xampp\mysql\data\ib_buffer_pool
2025-05-22 12:41:26 0 [Note] Plugin 'FEEDBACK' is disabled.
2025-05-22 12:41:26 0 [Note] InnoDB: Buffer pool(s) load completed at 250522 12:41:26
2025-05-22 12:41:26 0 [Note] Server socket created on IP: '::'.
2025-05-22 18:27:24 0 [Note] Starting MariaDB 10.4.32-MariaDB source revision c4143f909528e3fab0677a28631d10389354c491 as process 8768
2025-05-22 18:27:24 0 [Note] InnoDB: Mutexes and rw_locks use Windows interlocked functions
2025-05-22 18:27:24 0 [Note] InnoDB: Uses event mutexes
2025-05-22 18:27:24 0 [Note] InnoDB: Compressed tables use zlib 1.3
2025-05-22 18:27:24 0 [Note] InnoDB: Number of pools: 1
2025-05-22 18:27:24 0 [Note] InnoDB: Using SSE2 crc32 instructions
2025-05-22 18:27:24 0 [Note] InnoDB: Initializing buffer pool, total size = 16M, instances = 1, chunk size = 16M
2025-05-22 18:27:24 0 [Note] InnoDB: Completed initialization of buffer pool
2025-05-22 18:27:24 0 [Note] InnoDB: Starting crash recovery from checkpoint LSN=487922
2025-05-22 18:27:25 0 [Note] InnoDB: 128 out of 128 rollback segments are active.
2025-05-22 18:27:25 0 [Note] InnoDB: Removed temporary tablespace data file: "ibtmp1"
2025-05-22 18:27:25 0 [Note] InnoDB: Creating shared tablespace for temporary tables
2025-05-22 18:27:25 0 [Note] InnoDB: Setting file 'D:\xampp\mysql\data\ibtmp1' size to 12 MB. Physically writing the file full; Please wait ...
2025-05-22 18:27:25 0 [Note] InnoDB: File 'D:\xampp\mysql\data\ibtmp1' size is now 12 MB.
2025-05-22 18:27:25 0 [Note] InnoDB: Waiting for purge to start
2025-05-22 18:27:25 0 [Note] InnoDB: 10.4.32 started; log sequence number 487931; transaction id 447
2025-05-22 18:27:25 0 [Note] InnoDB: Loading buffer pool(s) from D:\xampp\mysql\data\ib_buffer_pool
2025-05-22 18:27:25 0 [Note] Plugin 'FEEDBACK' is disabled.
2025-05-22 18:27:25 0 [Note] InnoDB: Buffer pool(s) load completed at 250522 18:27:25
2025-05-22 18:27:25 0 [Note] Server socket created on IP: '::'.
2025-05-22 18:39:51 0 [Note] Starting MariaDB 10.4.32-MariaDB source revision c4143f909528e3fab0677a28631d10389354c491 as process 18196
2025-05-22 18:39:51 0 [Note] InnoDB: Mutexes and rw_locks use Windows interlocked functions
2025-05-22 18:39:51 0 [Note] InnoDB: Uses event mutexes
2025-05-22 18:39:51 0 [Note] InnoDB: Compressed tables use zlib 1.3
2025-05-22 18:39:51 0 [Note] InnoDB: Number of pools: 1
2025-05-22 18:39:51 0 [Note] InnoDB: Using SSE2 crc32 instructions
2025-05-22 18:39:51 0 [Note] InnoDB: Initializing buffer pool, total size = 16M, instances = 1, chunk size = 16M
2025-05-22 18:39:51 0 [Note] InnoDB: Completed initialization of buffer pool
2025-05-22 18:39:51 0 [Note] InnoDB: Starting crash recovery from checkpoint LSN=487956
2025-05-22 18:39:51 0 [Note] InnoDB: 128 out of 128 rollback segments are active.
2025-05-22 18:39:51 0 [Note] InnoDB: Removed temporary tablespace data file: "ibtmp1"
2025-05-22 18:39:51 0 [Note] InnoDB: Creating shared tablespace for temporary tables
2025-05-22 18:39:51 0 [Note] InnoDB: Setting file 'D:\xampp\mysql\data\ibtmp1' size to 12 MB. Physically writing the file full; Please wait ...
2025-05-22 18:39:51 0 [Note] InnoDB: File 'D:\xampp\mysql\data\ibtmp1' size is now 12 MB.
2025-05-22 18:39:51 0 [Note] InnoDB: Waiting for purge to start
2025-05-22 18:39:51 0 [Note] InnoDB: 10.4.32 started; log sequence number 487965; transaction id 447
2025-05-22 18:39:51 0 [Note] InnoDB: Loading buffer pool(s) from D:\xampp\mysql\data\ib_buffer_pool
2025-05-22 18:39:51 0 [Note] Plugin 'FEEDBACK' is disabled.
2025-05-22 18:39:51 0 [Note] Server socket created on IP: '::'.
2025-05-25  0:16:55 0 [Note] Starting MariaDB 10.4.32-MariaDB source revision c4143f909528e3fab0677a28631d10389354c491 as process 16004
2025-05-25  0:16:55 0 [Note] InnoDB: Mutexes and rw_locks use Windows interlocked functions
2025-05-25  0:16:55 0 [Note] InnoDB: Uses event mutexes
2025-05-25  0:16:55 0 [Note] InnoDB: Compressed tables use zlib 1.3
2025-05-25  0:16:55 0 [Note] InnoDB: Number of pools: 1
2025-05-25  0:16:55 0 [Note] InnoDB: Using SSE2 crc32 instructions
2025-05-25  0:16:55 0 [Note] InnoDB: Initializing buffer pool, total size = 16M, instances = 1, chunk size = 16M
2025-05-25  0:16:55 0 [Note] InnoDB: Completed initialization of buffer pool
2025-05-25  0:16:55 0 [Note] InnoDB: Starting crash recovery from checkpoint LSN=487974
2025-05-25  0:16:55 0 [Note] InnoDB: 128 out of 128 rollback segments are active.
2025-05-25  0:16:55 0 [Note] InnoDB: Removed temporary tablespace data file: "ibtmp1"
2025-05-25  0:16:55 0 [Note] InnoDB: Creating shared tablespace for temporary tables
2025-05-25  0:16:55 0 [Note] InnoDB: Setting file 'D:\xampp\mysql\data\ibtmp1' size to 12 MB. Physically writing the file full; Please wait ...
2025-05-25  0:16:55 0 [Note] InnoDB: File 'D:\xampp\mysql\data\ibtmp1' size is now 12 MB.
2025-05-25  0:16:55 0 [Note] InnoDB: Waiting for purge to start
2025-05-25  0:16:55 0 [Note] InnoDB: 10.4.32 started; log sequence number 487983; transaction id 447
2025-05-25  0:16:55 0 [Note] InnoDB: Loading buffer pool(s) from D:\xampp\mysql\data\ib_buffer_pool
2025-05-25  0:16:55 0 [Note] Plugin 'FEEDBACK' is disabled.
2025-05-25  0:16:55 0 [Note] InnoDB: Buffer pool(s) load completed at 250525  0:16:55
2025-05-25  0:16:55 0 [Note] Server socket created on IP: '::'.
2025-05-25  0:32:43 0 [Note] Starting MariaDB 10.4.32-MariaDB source revision c4143f909528e3fab0677a28631d10389354c491 as process 20776
2025-05-25  0:32:43 0 [Note] InnoDB: Mutexes and rw_locks use Windows interlocked functions
2025-05-25  0:32:43 0 [Note] InnoDB: Uses event mutexes
2025-05-25  0:32:43 0 [Note] InnoDB: Compressed tables use zlib 1.3
2025-05-25  0:32:43 0 [Note] InnoDB: Number of pools: 1
2025-05-25  0:32:43 0 [Note] InnoDB: Using SSE2 crc32 instructions
2025-05-25  0:32:43 0 [Note] InnoDB: Initializing buffer pool, total size = 16M, instances = 1, chunk size = 16M
2025-05-25  0:32:43 0 [Note] InnoDB: Completed initialization of buffer pool
2025-05-25  0:32:43 0 [Note] InnoDB: Starting crash recovery from checkpoint LSN=487992
2025-05-25  0:32:43 0 [Note] InnoDB: 128 out of 128 rollback segments are active.
2025-05-25  0:32:43 0 [Note] InnoDB: Removed temporary tablespace data file: "ibtmp1"
2025-05-25  0:32:43 0 [Note] InnoDB: Creating shared tablespace for temporary tables
2025-05-25  0:32:43 0 [Note] InnoDB: Setting file 'D:\xampp\mysql\data\ibtmp1' size to 12 MB. Physically writing the file full; Please wait ...
2025-05-25  0:32:43 0 [Note] InnoDB: File 'D:\xampp\mysql\data\ibtmp1' size is now 12 MB.
2025-05-25  0:32:43 0 [Note] InnoDB: Waiting for purge to start
2025-05-25  0:32:43 0 [Note] InnoDB: 10.4.32 started; log sequence number 488001; transaction id 447
2025-05-25  0:32:43 0 [Note] InnoDB: Loading buffer pool(s) from D:\xampp\mysql\data\ib_buffer_pool
2025-05-25  0:32:43 0 [Note] Plugin 'FEEDBACK' is disabled.
2025-05-25  0:32:43 0 [Note] Server socket created on IP: '::'.
2025-05-28 11:39:32 0 [Note] Starting MariaDB 10.4.32-MariaDB source revision c4143f909528e3fab0677a28631d10389354c491 as process 16532
2025-05-28 11:39:32 0 [Note] InnoDB: Mutexes and rw_locks use Windows interlocked functions
2025-05-28 11:39:32 0 [Note] InnoDB: Uses event mutexes
2025-05-28 11:39:32 0 [Note] InnoDB: Compressed tables use zlib 1.3
2025-05-28 11:39:32 0 [Note] InnoDB: Number of pools: 1
2025-05-28 11:39:32 0 [Note] InnoDB: Using SSE2 crc32 instructions
2025-05-28 11:39:32 0 [Note] InnoDB: Initializing buffer pool, total size = 16M, instances = 1, chunk size = 16M
2025-05-28 11:39:32 0 [Note] InnoDB: Completed initialization of buffer pool
2025-05-28 11:39:32 0 [Note] InnoDB: Starting crash recovery from checkpoint LSN=488010
2025-05-28 11:39:32 0 [Note] InnoDB: 128 out of 128 rollback segments are active.
2025-05-28 11:39:32 0 [Note] InnoDB: Removed temporary tablespace data file: "ibtmp1"
2025-05-28 11:39:32 0 [Note] InnoDB: Creating shared tablespace for temporary tables
2025-05-28 11:39:32 0 [Note] InnoDB: Setting file 'D:\xampp\mysql\data\ibtmp1' size to 12 MB. Physically writing the file full; Please wait ...
2025-05-28 11:39:32 0 [Note] InnoDB: File 'D:\xampp\mysql\data\ibtmp1' size is now 12 MB.
2025-05-28 11:39:32 0 [Note] InnoDB: Waiting for purge to start
2025-05-28 11:39:32 0 [Note] InnoDB: 10.4.32 started; log sequence number 488019; transaction id 447
2025-05-28 11:39:32 0 [Note] InnoDB: Loading buffer pool(s) from D:\xampp\mysql\data\ib_buffer_pool
2025-05-28 11:39:32 0 [Note] Plugin 'FEEDBACK' is disabled.
2025-05-28 11:39:32 0 [Note] InnoDB: Buffer pool(s) load completed at 250528 11:39:32
2025-05-28 11:39:33 0 [Note] Server socket created on IP: '::'.
2025-05-28 13:07:20 0 [Note] Starting MariaDB 10.4.32-MariaDB source revision c4143f909528e3fab0677a28631d10389354c491 as process 2720
2025-05-28 13:07:20 0 [Note] InnoDB: Mutexes and rw_locks use Windows interlocked functions
2025-05-28 13:07:20 0 [Note] InnoDB: Uses event mutexes
2025-05-28 13:07:20 0 [Note] InnoDB: Compressed tables use zlib 1.3
2025-05-28 13:07:20 0 [Note] InnoDB: Number of pools: 1
2025-05-28 13:07:20 0 [Note] InnoDB: Using SSE2 crc32 instructions
2025-05-28 13:07:20 0 [Note] InnoDB: Initializing buffer pool, total size = 16M, instances = 1, chunk size = 16M
2025-05-28 13:07:20 0 [Note] InnoDB: Completed initialization of buffer pool
2025-05-28 13:07:20 0 [Note] InnoDB: Starting crash recovery from checkpoint LSN=488028
2025-05-28 13:07:20 0 [Note] InnoDB: 128 out of 128 rollback segments are active.
2025-05-28 13:07:20 0 [Note] InnoDB: Removed temporary tablespace data file: "ibtmp1"
2025-05-28 13:07:20 0 [Note] InnoDB: Creating shared tablespace for temporary tables
2025-05-28 13:07:20 0 [Note] InnoDB: Setting file 'D:\xampp\mysql\data\ibtmp1' size to 12 MB. Physically writing the file full; Please wait ...
2025-05-28 13:07:20 0 [Note] InnoDB: File 'D:\xampp\mysql\data\ibtmp1' size is now 12 MB.
2025-05-28 13:07:20 0 [Note] InnoDB: Waiting for purge to start
2025-05-28 13:07:20 0 [Note] InnoDB: 10.4.32 started; log sequence number 488037; transaction id 447
2025-05-28 13:07:20 0 [Note] InnoDB: Loading buffer pool(s) from D:\xampp\mysql\data\ib_buffer_pool
2025-05-28 13:07:20 0 [Note] Plugin 'FEEDBACK' is disabled.
2025-05-28 13:07:20 0 [Note] InnoDB: Buffer pool(s) load completed at 250528 13:07:20
2025-05-28 13:07:20 0 [Note] Server socket created on IP: '::'.
2025-05-28 13:08:10 0 [Note] Starting MariaDB 10.4.32-MariaDB source revision c4143f909528e3fab0677a28631d10389354c491 as process 16288
2025-05-28 13:08:10 0 [Note] InnoDB: Mutexes and rw_locks use Windows interlocked functions
2025-05-28 13:08:10 0 [Note] InnoDB: Uses event mutexes
2025-05-28 13:08:10 0 [Note] InnoDB: Compressed tables use zlib 1.3
2025-05-28 13:08:10 0 [Note] InnoDB: Number of pools: 1
2025-05-28 13:08:10 0 [Note] InnoDB: Using SSE2 crc32 instructions
2025-05-28 13:08:10 0 [Note] InnoDB: Initializing buffer pool, total size = 16M, instances = 1, chunk size = 16M
2025-05-28 13:08:10 0 [Note] InnoDB: Completed initialization of buffer pool
2025-05-28 13:08:10 0 [Note] InnoDB: Starting crash recovery from checkpoint LSN=488046
2025-05-28 13:08:10 0 [Note] InnoDB: 128 out of 128 rollback segments are active.
2025-05-28 13:08:10 0 [Note] InnoDB: Removed temporary tablespace data file: "ibtmp1"
2025-05-28 13:08:10 0 [Note] InnoDB: Creating shared tablespace for temporary tables
2025-05-28 13:08:10 0 [Note] InnoDB: Setting file 'D:\xampp\mysql\data\ibtmp1' size to 12 MB. Physically writing the file full; Please wait ...
2025-05-28 13:08:10 0 [Note] InnoDB: File 'D:\xampp\mysql\data\ibtmp1' size is now 12 MB.
2025-05-28 13:08:10 0 [Note] InnoDB: Waiting for purge to start
2025-05-28 13:08:10 0 [Note] InnoDB: 10.4.32 started; log sequence number 488055; transaction id 447
2025-05-28 13:08:10 0 [Note] InnoDB: Loading buffer pool(s) from D:\xampp\mysql\data\ib_buffer_pool
2025-05-28 13:08:10 0 [Note] Plugin 'FEEDBACK' is disabled.
2025-05-28 13:08:10 0 [Note] Server socket created on IP: '::'.
2025-05-28 13:08:14 0 [Note] Starting MariaDB 10.4.32-MariaDB source revision c4143f909528e3fab0677a28631d10389354c491 as process 9836
2025-05-28 13:08:14 0 [Note] InnoDB: Mutexes and rw_locks use Windows interlocked functions
2025-05-28 13:08:14 0 [Note] InnoDB: Uses event mutexes
2025-05-28 13:08:14 0 [Note] InnoDB: Compressed tables use zlib 1.3
2025-05-28 13:08:14 0 [Note] InnoDB: Number of pools: 1
2025-05-28 13:08:14 0 [Note] InnoDB: Using SSE2 crc32 instructions
2025-05-28 13:08:14 0 [Note] InnoDB: Initializing buffer pool, total size = 16M, instances = 1, chunk size = 16M
2025-05-28 13:08:14 0 [Note] InnoDB: Completed initialization of buffer pool
2025-05-28 13:08:14 0 [Note] InnoDB: Starting crash recovery from checkpoint LSN=488064
2025-05-28 13:08:14 0 [Note] InnoDB: 128 out of 128 rollback segments are active.
2025-05-28 13:08:14 0 [Note] InnoDB: Removed temporary tablespace data file: "ibtmp1"
2025-05-28 13:08:14 0 [Note] InnoDB: Creating shared tablespace for temporary tables
2025-05-28 13:08:14 0 [Note] InnoDB: Setting file 'D:\xampp\mysql\data\ibtmp1' size to 12 MB. Physically writing the file full; Please wait ...
2025-05-28 13:08:14 0 [Note] InnoDB: File 'D:\xampp\mysql\data\ibtmp1' size is now 12 MB.
2025-05-28 13:08:14 0 [Note] InnoDB: Waiting for purge to start
2025-05-28 13:08:14 0 [Note] InnoDB: 10.4.32 started; log sequence number 488073; transaction id 447
2025-05-28 13:08:14 0 [Note] InnoDB: Loading buffer pool(s) from D:\xampp\mysql\data\ib_buffer_pool
2025-05-28 13:08:14 0 [Note] Plugin 'FEEDBACK' is disabled.
2025-05-28 13:08:14 0 [Note] Server socket created on IP: '::'.
2025-05-28 13:09:04 0 [Note] Starting MariaDB 10.4.32-MariaDB source revision c4143f909528e3fab0677a28631d10389354c491 as process 3544
2025-05-28 13:09:04 0 [Note] InnoDB: Mutexes and rw_locks use Windows interlocked functions
2025-05-28 13:09:04 0 [Note] InnoDB: Uses event mutexes
2025-05-28 13:09:04 0 [Note] InnoDB: Compressed tables use zlib 1.3
2025-05-28 13:09:04 0 [Note] InnoDB: Number of pools: 1
2025-05-28 13:09:04 0 [Note] InnoDB: Using SSE2 crc32 instructions
2025-05-28 13:09:04 0 [Note] InnoDB: Initializing buffer pool, total size = 16M, instances = 1, chunk size = 16M
2025-05-28 13:09:04 0 [Note] InnoDB: Completed initialization of buffer pool
2025-05-28 13:09:04 0 [Note] InnoDB: Starting crash recovery from checkpoint LSN=488082
2025-05-28 13:09:04 0 [Note] InnoDB: 128 out of 128 rollback segments are active.
2025-05-28 13:09:04 0 [Note] InnoDB: Removed temporary tablespace data file: "ibtmp1"
2025-05-28 13:09:04 0 [Note] InnoDB: Creating shared tablespace for temporary tables
2025-05-28 13:09:04 0 [Note] InnoDB: Setting file 'D:\xampp\mysql\data\ibtmp1' size to 12 MB. Physically writing the file full; Please wait ...
2025-05-28 13:09:04 0 [Note] InnoDB: File 'D:\xampp\mysql\data\ibtmp1' size is now 12 MB.
2025-05-28 13:09:04 0 [Note] InnoDB: Waiting for purge to start
2025-05-28 13:09:04 0 [Note] InnoDB: 10.4.32 started; log sequence number 488091; transaction id 447
2025-05-28 13:09:04 0 [Note] InnoDB: Loading buffer pool(s) from D:\xampp\mysql\data\ib_buffer_pool
2025-05-28 13:09:04 0 [Note] Plugin 'FEEDBACK' is disabled.
2025-05-28 13:09:04 0 [Note] Server socket created on IP: '::'.
2025-05-28 13:13:38 0 [Note] Starting MariaDB 10.4.32-MariaDB source revision c4143f909528e3fab0677a28631d10389354c491 as process 9564
2025-05-28 13:13:38 0 [Note] InnoDB: Mutexes and rw_locks use Windows interlocked functions
2025-05-28 13:13:38 0 [Note] InnoDB: Uses event mutexes
2025-05-28 13:13:38 0 [Note] InnoDB: Compressed tables use zlib 1.3
2025-05-28 13:13:38 0 [Note] InnoDB: Number of pools: 1
2025-05-28 13:13:38 0 [Note] InnoDB: Using SSE2 crc32 instructions
2025-05-28 13:13:38 0 [Note] InnoDB: Initializing buffer pool, total size = 16M, instances = 1, chunk size = 16M
2025-05-28 13:13:38 0 [Note] InnoDB: Completed initialization of buffer pool
2025-05-28 13:13:38 0 [Note] InnoDB: Starting crash recovery from checkpoint LSN=488100
2025-05-28 13:13:38 0 [Note] InnoDB: 128 out of 128 rollback segments are active.
2025-05-28 13:13:38 0 [Note] InnoDB: Removed temporary tablespace data file: "ibtmp1"
2025-05-28 13:13:38 0 [Note] InnoDB: Creating shared tablespace for temporary tables
2025-05-28 13:13:38 0 [Note] InnoDB: Setting file 'D:\xampp\mysql\data\ibtmp1' size to 12 MB. Physically writing the file full; Please wait ...
2025-05-28 13:13:38 0 [Note] InnoDB: File 'D:\xampp\mysql\data\ibtmp1' size is now 12 MB.
2025-05-28 13:13:38 0 [Note] InnoDB: Waiting for purge to start
2025-05-28 13:13:38 0 [Note] InnoDB: 10.4.32 started; log sequence number 488109; transaction id 447
2025-05-28 13:13:38 0 [Note] InnoDB: Loading buffer pool(s) from D:\xampp\mysql\data\ib_buffer_pool
2025-05-28 13:13:38 0 [Note] Plugin 'FEEDBACK' is disabled.
2025-05-28 13:13:38 0 [Note] Server socket created on IP: '::'.
2025-05-28 13:57:56 0 [Note] Starting MariaDB 10.4.32-MariaDB source revision c4143f909528e3fab0677a28631d10389354c491 as process 7132
2025-05-28 13:57:56 0 [Note] InnoDB: Mutexes and rw_locks use Windows interlocked functions
2025-05-28 13:57:56 0 [Note] InnoDB: Uses event mutexes
2025-05-28 13:57:56 0 [Note] InnoDB: Compressed tables use zlib 1.3
2025-05-28 13:57:56 0 [Note] InnoDB: Number of pools: 1
2025-05-28 13:57:56 0 [Note] InnoDB: Using SSE2 crc32 instructions
2025-05-28 13:57:56 0 [Note] InnoDB: Initializing buffer pool, total size = 16M, instances = 1, chunk size = 16M
2025-05-28 13:57:56 0 [Note] InnoDB: Completed initialization of buffer pool
2025-05-28 13:57:56 0 [Note] InnoDB: Starting crash recovery from checkpoint LSN=488118
2025-05-28 13:57:56 0 [Note] InnoDB: 128 out of 128 rollback segments are active.
2025-05-28 13:57:56 0 [Note] InnoDB: Removed temporary tablespace data file: "ibtmp1"
2025-05-28 13:57:56 0 [Note] InnoDB: Creating shared tablespace for temporary tables
2025-05-28 13:57:56 0 [Note] InnoDB: Setting file 'D:\xampp\mysql\data\ibtmp1' size to 12 MB. Physically writing the file full; Please wait ...
2025-05-28 13:57:56 0 [Note] InnoDB: File 'D:\xampp\mysql\data\ibtmp1' size is now 12 MB.
2025-05-28 13:57:56 0 [Note] InnoDB: Waiting for purge to start
2025-05-28 13:57:56 0 [Note] InnoDB: 10.4.32 started; log sequence number 488127; transaction id 447
2025-05-28 13:57:56 0 [Note] InnoDB: Loading buffer pool(s) from D:\xampp\mysql\data\ib_buffer_pool
2025-05-28 13:57:56 0 [Note] Plugin 'FEEDBACK' is disabled.
2025-05-28 13:57:56 0 [Note] Server socket created on IP: '::'.
2025-05-28 15:16:56 0 [Note] Starting MariaDB 10.4.32-MariaDB source revision c4143f909528e3fab0677a28631d10389354c491 as process 20848
2025-05-28 15:16:56 0 [Note] InnoDB: Mutexes and rw_locks use Windows interlocked functions
2025-05-28 15:16:56 0 [Note] InnoDB: Uses event mutexes
2025-05-28 15:16:56 0 [Note] InnoDB: Compressed tables use zlib 1.3
2025-05-28 15:16:56 0 [Note] InnoDB: Number of pools: 1
2025-05-28 15:16:56 0 [Note] InnoDB: Using SSE2 crc32 instructions
2025-05-28 15:16:56 0 [Note] InnoDB: Initializing buffer pool, total size = 16M, instances = 1, chunk size = 16M
2025-05-28 15:16:56 0 [Note] InnoDB: Completed initialization of buffer pool
2025-05-28 15:16:56 0 [Note] InnoDB: Starting crash recovery from checkpoint LSN=488136
2025-05-28 15:16:56 0 [Note] InnoDB: 128 out of 128 rollback segments are active.
2025-05-28 15:16:56 0 [Note] InnoDB: Removed temporary tablespace data file: "ibtmp1"
2025-05-28 15:16:56 0 [Note] InnoDB: Creating shared tablespace for temporary tables
2025-05-28 15:16:56 0 [Note] InnoDB: Setting file 'D:\xampp\mysql\data\ibtmp1' size to 12 MB. Physically writing the file full; Please wait ...
2025-05-28 15:16:56 0 [Note] InnoDB: File 'D:\xampp\mysql\data\ibtmp1' size is now 12 MB.
2025-05-28 15:16:56 0 [Note] InnoDB: Waiting for purge to start
2025-05-28 15:16:56 0 [Note] InnoDB: 10.4.32 started; log sequence number 488145; transaction id 447
2025-05-28 15:16:56 0 [Note] InnoDB: Loading buffer pool(s) from D:\xampp\mysql\data\ib_buffer_pool
2025-05-28 15:16:56 0 [Note] Plugin 'FEEDBACK' is disabled.
2025-05-28 15:16:56 0 [Note] Server socket created on IP: '::'.
2025-05-28 15:24:20 0 [Note] Starting MariaDB 10.4.32-MariaDB source revision c4143f909528e3fab0677a28631d10389354c491 as process 20888
2025-05-28 15:24:20 0 [Note] InnoDB: Mutexes and rw_locks use Windows interlocked functions
2025-05-28 15:24:20 0 [Note] InnoDB: Uses event mutexes
2025-05-28 15:24:20 0 [Note] InnoDB: Compressed tables use zlib 1.3
2025-05-28 15:24:20 0 [Note] InnoDB: Number of pools: 1
2025-05-28 15:24:20 0 [Note] InnoDB: Using SSE2 crc32 instructions
2025-05-28 15:24:20 0 [Note] InnoDB: Initializing buffer pool, total size = 16M, instances = 1, chunk size = 16M
2025-05-28 15:24:20 0 [Note] InnoDB: Completed initialization of buffer pool
2025-05-28 15:24:20 0 [Note] InnoDB: Starting crash recovery from checkpoint LSN=488154
2025-05-28 15:24:21 0 [Note] InnoDB: 128 out of 128 rollback segments are active.
2025-05-28 15:24:21 0 [Note] InnoDB: Removed temporary tablespace data file: "ibtmp1"
2025-05-28 15:24:21 0 [Note] InnoDB: Creating shared tablespace for temporary tables
2025-05-28 15:24:21 0 [Note] InnoDB: Setting file 'D:\xampp\mysql\data\ibtmp1' size to 12 MB. Physically writing the file full; Please wait ...
2025-05-28 15:24:21 0 [Note] InnoDB: File 'D:\xampp\mysql\data\ibtmp1' size is now 12 MB.
2025-05-28 15:24:21 0 [Note] InnoDB: Waiting for purge to start
2025-05-28 15:24:21 0 [Note] InnoDB: 10.4.32 started; log sequence number 488163; transaction id 447
2025-05-28 15:24:21 0 [Note] InnoDB: Loading buffer pool(s) from D:\xampp\mysql\data\ib_buffer_pool
2025-05-28 15:24:21 0 [Note] Plugin 'FEEDBACK' is disabled.
2025-05-28 15:24:21 0 [Note] Server socket created on IP: '::'.
2025-05-28 16:49:07 0 [Note] Starting MariaDB 10.4.32-MariaDB source revision c4143f909528e3fab0677a28631d10389354c491 as process 24320
2025-05-28 16:49:07 0 [Note] InnoDB: Mutexes and rw_locks use Windows interlocked functions
2025-05-28 16:49:07 0 [Note] InnoDB: Uses event mutexes
2025-05-28 16:49:07 0 [Note] InnoDB: Compressed tables use zlib 1.3
2025-05-28 16:49:07 0 [Note] InnoDB: Number of pools: 1
2025-05-28 16:49:07 0 [Note] InnoDB: Using SSE2 crc32 instructions
2025-05-28 16:49:07 0 [Note] InnoDB: Initializing buffer pool, total size = 16M, instances = 1, chunk size = 16M
2025-05-28 16:49:07 0 [Note] InnoDB: Completed initialization of buffer pool
2025-05-28 16:49:07 0 [Note] InnoDB: Starting crash recovery from checkpoint LSN=488172
2025-05-28 16:49:08 0 [Note] InnoDB: 128 out of 128 rollback segments are active.
2025-05-28 16:49:08 0 [Note] InnoDB: Removed temporary tablespace data file: "ibtmp1"
2025-05-28 16:49:08 0 [Note] InnoDB: Creating shared tablespace for temporary tables
2025-05-28 16:49:08 0 [Note] InnoDB: Setting file 'D:\xampp\mysql\data\ibtmp1' size to 12 MB. Physically writing the file full; Please wait ...
2025-05-28 16:49:08 0 [Note] InnoDB: File 'D:\xampp\mysql\data\ibtmp1' size is now 12 MB.
2025-05-28 16:49:08 0 [Note] InnoDB: Waiting for purge to start
2025-05-28 16:49:08 0 [Note] InnoDB: 10.4.32 started; log sequence number 488181; transaction id 447
2025-05-28 16:49:08 0 [Note] InnoDB: Loading buffer pool(s) from D:\xampp\mysql\data\ib_buffer_pool
2025-05-28 16:49:08 0 [Note] Plugin 'FEEDBACK' is disabled.
2025-05-28 16:49:08 0 [Note] Server socket created on IP: '::'.
2025-05-28 16:50:02 0 [Note] Starting MariaDB 10.4.32-MariaDB source revision c4143f909528e3fab0677a28631d10389354c491 as process 11560
2025-05-28 16:50:02 0 [Note] InnoDB: Mutexes and rw_locks use Windows interlocked functions
2025-05-28 16:50:02 0 [Note] InnoDB: Uses event mutexes
2025-05-28 16:50:02 0 [Note] InnoDB: Compressed tables use zlib 1.3
2025-05-28 16:50:02 0 [Note] InnoDB: Number of pools: 1
2025-05-28 16:50:02 0 [Note] InnoDB: Using SSE2 crc32 instructions
2025-05-28 16:50:02 0 [Note] InnoDB: Initializing buffer pool, total size = 16M, instances = 1, chunk size = 16M
2025-05-28 16:50:02 0 [Note] InnoDB: Completed initialization of buffer pool
2025-05-28 16:50:02 0 [Note] InnoDB: Starting crash recovery from checkpoint LSN=488190
2025-05-28 16:50:02 0 [Note] InnoDB: 128 out of 128 rollback segments are active.
2025-05-28 16:50:02 0 [Note] InnoDB: Removed temporary tablespace data file: "ibtmp1"
2025-05-28 16:50:02 0 [Note] InnoDB: Creating shared tablespace for temporary tables
2025-05-28 16:50:02 0 [Note] InnoDB: Setting file 'D:\xampp\mysql\data\ibtmp1' size to 12 MB. Physically writing the file full; Please wait ...
2025-05-28 16:50:02 0 [Note] InnoDB: File 'D:\xampp\mysql\data\ibtmp1' size is now 12 MB.
2025-05-28 16:50:02 0 [Note] InnoDB: Waiting for purge to start
2025-05-28 16:50:02 0 [Note] InnoDB: 10.4.32 started; log sequence number 488199; transaction id 447
2025-05-28 16:50:02 0 [Note] InnoDB: Loading buffer pool(s) from D:\xampp\mysql\data\ib_buffer_pool
2025-05-28 16:50:02 0 [Note] Plugin 'FEEDBACK' is disabled.
2025-05-28 16:50:02 0 [Note] Server socket created on IP: '::'.
2025-05-28 16:57:21 0 [Note] Starting MariaDB 10.4.32-MariaDB source revision c4143f909528e3fab0677a28631d10389354c491 as process 12164
2025-05-28 16:57:21 0 [Note] InnoDB: Mutexes and rw_locks use Windows interlocked functions
2025-05-28 16:57:21 0 [Note] InnoDB: Uses event mutexes
2025-05-28 16:57:21 0 [Note] InnoDB: Compressed tables use zlib 1.3
2025-05-28 16:57:21 0 [Note] InnoDB: Number of pools: 1
2025-05-28 16:57:21 0 [Note] InnoDB: Using SSE2 crc32 instructions
2025-05-28 16:57:21 0 [Note] InnoDB: Initializing buffer pool, total size = 16M, instances = 1, chunk size = 16M
2025-05-28 16:57:21 0 [Note] InnoDB: Completed initialization of buffer pool
2025-05-28 16:57:21 0 [Note] InnoDB: Starting crash recovery from checkpoint LSN=488208
2025-05-28 16:57:21 0 [Note] InnoDB: 128 out of 128 rollback segments are active.
2025-05-28 16:57:21 0 [Note] InnoDB: Removed temporary tablespace data file: "ibtmp1"
2025-05-28 16:57:21 0 [Note] InnoDB: Creating shared tablespace for temporary tables
2025-05-28 16:57:21 0 [Note] InnoDB: Setting file 'D:\xampp\mysql\data\ibtmp1' size to 12 MB. Physically writing the file full; Please wait ...
2025-05-28 16:57:21 0 [Note] InnoDB: File 'D:\xampp\mysql\data\ibtmp1' size is now 12 MB.
2025-05-28 16:57:21 0 [Note] InnoDB: Waiting for purge to start
2025-05-28 16:57:21 0 [Note] InnoDB: 10.4.32 started; log sequence number 488217; transaction id 447
2025-05-28 16:57:21 0 [Note] InnoDB: Loading buffer pool(s) from D:\xampp\mysql\data\ib_buffer_pool
2025-05-28 16:57:21 0 [Note] Plugin 'FEEDBACK' is disabled.
2025-05-28 16:57:21 0 [Note] Server socket created on IP: '::'.
